0 info it worked if it ends with ok
1 verbose cli [ '/Users/ashstpier/.nvm/v0.10.31/bin/node',
1 verbose cli   '/Users/ashstpier/.nvm/v0.10.31/bin/npm',
1 verbose cli   'start' ]
2 info using npm@1.4.23
3 info using node@v0.10.31
4 error Failed to parse json
4 error Unexpected token }
5 error File: /Users/ashstpier/Development/assembly-style-guide/package.json
6 error Failed to parse package.json data.
6 error package.json must be actual JSON, not just JavaScript.
6 error
6 error This is not a bug in npm.
6 error Tell the package author to fix their package.json file. JSON.parse
7 error System Darwin 14.0.0
8 error command "/Users/ashstpier/.nvm/v0.10.31/bin/node" "/Users/ashstpier/.nvm/v0.10.31/bin/npm" "start"
9 error cwd /Users/ashstpier/Development/assembly-style-guide
10 error node -v v0.10.31
11 error npm -v 1.4.23
12 error file /Users/ashstpier/Development/assembly-style-guide/package.json
13 error code EJSONPARSE
14 verbose exit [ 1, true ]
